{"/Users/dmitry/frontend-project-46/src/comparison.js": {"path":"/Users/dmitry/frontend-project-46/src/comparison.js","statementMap":{"0":{"start":{"line":3,"column":24},"end":{"line":21,"column":1}},"1":{"start":{"line":4,"column":16},"end":{"line":4,"column":34}},"2":{"start":{"line":5,"column":16},"end":{"line":5,"column":34}},"3":{"start":{"line":6,"column":17},"end":{"line":6,"column":19}},"4":{"start":{"line":7,"column":20},"end":{"line":7,"column":51}},"5":{"start":{"line":8,"column":2},"end":{"line":19,"column":5}},"6":{"start":{"line":9,"column":4},"end":{"line":11,"column":5}},"7":{"start":{"line":10,"column":6},"end":{"line":10,"column":48}},"8":{"start":{"line":11,"column":6},"end":{"line":14,"column":5}},"9":{"start":{"line":12,"column":6},"end":{"line":12,"column":48}},"10":{"start":{"line":13,"column":6},"end":{"line":13,"column":48}},"11":{"start":{"line":14,"column":6},"end":{"line":16,"column":5}},"12":{"start":{"line":15,"column":6},"end":{"line":15,"column":48}},"13":{"start":{"line":16,"column":6},"end":{"line":18,"column":5}},"14":{"start":{"line":17,"column":6},"end":{"line":17,"column":48}},"15":{"start":{"line":20,"column":2},"end":{"line":20,"column":34}}},"fnMap":{"0":{"name":"(anonymous_0)","decl":{"start":{"line":3,"column":24},"end":{"line":3,"column":25}},"loc":{"start":{"line":3,"column":42},"end":{"line":21,"column":1}},"line":3},"1":{"name":"(anonymous_1)","decl":{"start":{"line":8,"column":20},"end":{"line":8,"column":21}},"loc":{"start":{"line":8,"column":29},"end":{"line":19,"column":3}},"line":8}},"branchMap":{"0":{"loc":{"start":{"line":9,"column":4},"end":{"line":11,"column":5}},"type":"if","locations":[{"start":{"line":9,"column":4},"end":{"line":11,"column":5}},{"start":{},"end":{}}],"line":9},"1":{"loc":{"start":{"line":9,"column":8},"end":{"line":9,"column":75}},"type":"binary-expr","locations":[{"start":{"line":9,"column":8},"end":{"line":9,"column":25}},{"start":{"line":9,"column":29},"end":{"line":9,"column":46}},{"start":{"line":9,"column":50},"end":{"line":9,"column":75}}],"line":9},"2":{"loc":{"start":{"line":11,"column":6},"end":{"line":14,"column":5}},"type":"if","locations":[{"start":{"line":11,"column":6},"end":{"line":14,"column":5}},{"start":{},"end":{}}],"line":11},"3":{"loc":{"start":{"line":11,"column":10},"end":{"line":11,"column":77}},"type":"binary-expr","locations":[{"start":{"line":11,"column":10},"end":{"line":11,"column":27}},{"start":{"line":11,"column":31},"end":{"line":11,"column":48}},{"start":{"line":11,"column":52},"end":{"line":11,"column":77}}],"line":11},"4":{"loc":{"start":{"line":14,"column":6},"end":{"line":16,"column":5}},"type":"if","locations":[{"start":{"line":14,"column":6},"end":{"line":16,"column":5}},{"start":{},"end":{}}],"line":14},"5":{"loc":{"start":{"line":16,"column":6},"end":{"line":18,"column":5}},"type":"if","locations":[{"start":{"line":16,"column":6},"end":{"line":18,"column":5}},{"start":{},"end":{}}],"line":16}},"s":{"0":1,"1":1,"2":1,"3":1,"4":1,"5":1,"6":5,"7":1,"8":5,"9":1,"10":1,"11":5,"12":1,"13":5,"14":2,"15":1},"f":{"0":1,"1":5},"b":{"0":[1,4],"1":[5,4,2],"2":[1,4],"3":[5,4,2],"4":[1,4],"5":[2,3]},"_coverageSchema":"1a1c01bbd47fc00a2c39e90264f33305004495a9","hash":"cb7b9c484c6f865a6869a4707d631e8a734749c4"}
,"/Users/dmitry/frontend-project-46/src/index.js": {"path":"/Users/dmitry/frontend-project-46/src/index.js","statementMap":{"0":{"start":{"line":6,"column":20},"end":{"line":6,"column":71}},"1":{"start":{"line":6,"column":34},"end":{"line":6,"column":71}},"2":{"start":{"line":7,"column":17},"end":{"line":7,"column":78}},"3":{"start":{"line":7,"column":31},"end":{"line":7,"column":78}},"4":{"start":{"line":9,"column":21},"end":{"line":15,"column":1}},"5":{"start":{"line":10,"column":16},"end":{"line":10,"column":35}},"6":{"start":{"line":11,"column":16},"end":{"line":11,"column":35}},"7":{"start":{"line":12,"column":21},"end":{"line":12,"column":38}},"8":{"start":{"line":13,"column":21},"end":{"line":13,"column":38}},"9":{"start":{"line":14,"column":2},"end":{"line":14,"column":49}}},"fnMap":{"0":{"name":"(anonymous_0)","decl":{"start":{"line":6,"column":20},"end":{"line":6,"column":21}},"loc":{"start":{"line":6,"column":34},"end":{"line":6,"column":71}},"line":6},"1":{"name":"(anonymous_1)","decl":{"start":{"line":7,"column":17},"end":{"line":7,"column":18}},"loc":{"start":{"line":7,"column":31},"end":{"line":7,"column":78}},"line":7},"2":{"name":"(anonymous_2)","decl":{"start":{"line":9,"column":21},"end":{"line":9,"column":22}},"loc":{"start":{"line":9,"column":47},"end":{"line":15,"column":1}},"line":9}},"branchMap":{},"s":{"0":1,"1":2,"2":1,"3":2,"4":1,"5":1,"6":1,"7":1,"8":1,"9":1},"f":{"0":2,"1":2,"2":1},"b":{},"_coverageSchema":"1a1c01bbd47fc00a2c39e90264f33305004495a9","hash":"43246b62ac20c53f9a58d8e280235303bb1ca77b"}
}
