TN:
SF:src/comparison.js
FN:3,(anonymous_0)
FN:8,(anonymous_1)
FNF:2
FNH:2
FNDA:1,(anonymous_0)
FNDA:5,(anonymous_1)
DA:3,1
DA:4,1
DA:5,1
DA:6,1
DA:7,1
DA:8,1
DA:9,5
DA:10,1
DA:11,5
DA:12,1
DA:13,1
DA:14,5
DA:15,1
DA:16,5
DA:17,2
DA:20,1
LF:16
LH:16
BRDA:9,0,0,1
BRDA:9,0,1,4
BRDA:9,1,0,5
BRDA:9,1,1,4
BRDA:9,1,2,2
BRDA:11,2,0,1
BRDA:11,2,1,4
BRDA:11,3,0,5
BRDA:11,3,1,4
BRDA:11,3,2,2
BRDA:14,4,0,1
BRDA:14,4,1,4
BRDA:16,5,0,2
BRDA:16,5,1,3
BRF:14
BRH:14
end_of_record
TN:
SF:src/index.js
FN:6,(anonymous_0)
FN:7,(anonymous_1)
FN:9,(anonymous_2)
FNF:3
FNH:3
FNDA:2,(anonymous_0)
FNDA:2,(anonymous_1)
FNDA:1,(anonymous_2)
DA:6,2
DA:7,2
DA:9,1
DA:10,1
DA:11,1
DA:12,1
DA:13,1
DA:14,1
LF:8
LH:8
BRF:0
BRH:0
end_of_record
